*** got: (Job{get_list_members} | GetListMembersJob | [{"key"=>"user:0:list:0", "screen_name"=>"zonoise", "list_slug"=>"bot", "consumer_key"=>"Zi1g21XF5ae3sI6nTWnHbg", "consumer_secret"=>"1D2wmKkhgLpAWWCpkIxQnYBMYRhQDtDgLPFMx0jae8", "oauth_token"=>"141069059-tte9UFmsR91jidppIHA1scp6EYrPIMic8Iu3NVEO", "oauth_token_secret"=>"o9Knd8IIOwo1BqHr5lRjGORSUCr7JznIAkV7EghlxQ"}])
*** (Job{get_list_members} | GetListMembersJob | [{"key"=>"user:0:list:0", "screen_name"=>"zonoise", "list_slug"=>"bot", "consumer_key"=>"Zi1g21XF5ae3sI6nTWnHbg", "consumer_secret"=>"1D2wmKkhgLpAWWCpkIxQnYBMYRhQDtDgLPFMx0jae8", "oauth_token"=>"141069059-tte9UFmsR91jidppIHA1scp6EYrPIMic8Iu3NVEO", "oauth_token_secret"=>"o9Knd8IIOwo1BqHr5lRjGORSUCr7JznIAkV7EghlxQ"}]) failed: #<Twitter::Unauthorized: GET https://api.twitter.com/1/account/verify_credentials.json: 401: Could not authenticate you.>
*** got: (Job{get_list_members} | GetListMembersJob | [{"key"=>"user:0:list:0", "screen_name"=>"zonoise", "list_slug"=>"bot", "consumer_key"=>"Zi1g21XF5ae3sI6nTWnHbg", "consumer_secret"=>"1D2wmKkhgLpAWWCpkIxQnYBMYRhQDtDgLPFMx0jae8", "oauth_token"=>"141069059-tte9UFmsR91jidppIHA1scp6EYrPIMic8Iu3NVEO", "oauth_token_secret"=>"o9Knd8IIOwo1BqHr5lRjGORSUCr7JznIAkV7EghlxQ"}])
*** (Job{get_list_members} | GetListMembersJob | [{"key"=>"user:0:list:0", "screen_name"=>"zonoise", "list_slug"=>"bot", "consumer_key"=>"Zi1g21XF5ae3sI6nTWnHbg", "consumer_secret"=>"1D2wmKkhgLpAWWCpkIxQnYBMYRhQDtDgLPFMx0jae8", "oauth_token"=>"141069059-tte9UFmsR91jidppIHA1scp6EYrPIMic8Iu3NVEO", "oauth_token_secret"=>"o9Knd8IIOwo1BqHr5lRjGORSUCr7JznIAkV7EghlxQ"}]) failed: #<Twitter::Unauthorized: GET https://api.twitter.com/1/account/verify_credentials.json: 401: Could not authenticate you.>
*** got: (Job{get_list_members} | GetListMembersJob | [{"key"=>"user:0:list:0", "screen_name"=>"zonoise", "list_slug"=>"rts", "consumer_key"=>"Zi1g21XF5ae3sI6nTWnHbg", "consumer_secret"=>"1D2wmKkhgLpAWWCpkIxQnYBMYRhQDtDgLPFMx0jae8", "oauth_token"=>"141069059-tte9UFmsR91jidppIHA1scp6EYrPIMic8Iu3NVEO", "oauth_token_secret"=>"o9Knd8IIOwo1BqHr5lRjGORSUCr7JznIAkV7EghlxQ"}])
*** (Job{get_list_members} | GetListMembersJob | [{"key"=>"user:0:list:0", "screen_name"=>"zonoise", "list_slug"=>"rts", "consumer_key"=>"Zi1g21XF5ae3sI6nTWnHbg", "consumer_secret"=>"1D2wmKkhgLpAWWCpkIxQnYBMYRhQDtDgLPFMx0jae8", "oauth_token"=>"141069059-tte9UFmsR91jidppIHA1scp6EYrPIMic8Iu3NVEO", "oauth_token_secret"=>"o9Knd8IIOwo1BqHr5lRjGORSUCr7JznIAkV7EghlxQ"}]) failed: #<Twitter::Unauthorized: GET https://api.twitter.com/1/account/verify_credentials.json: 401: Could not authenticate you.>
*** got: (Job{get_list_members} | GetListMembersJob | [{"key"=>"user:0:list:0", "screen_name"=>"zonoise", "list_slug"=>"rts", "consumer_key"=>"7T2MXf81aibvbY0ZYWsVgg", "consumer_secret"=>"TudfPBnkEN4pj0lTMzcBTmetJvZRMnSAly4qfGKfo", "oauth_token"=>"141069059-ha2aP5eDAGFFa6Ul0owJQxFfr8khVjyWTyqaRZaV", "oauth_token_secret"=>"o0H8ca3vtVNyMzVrtcMpV1iIowkgDMdHudKKXAdJWEg"}])
*** (Job{get_list_members} | GetListMembersJob | [{"key"=>"user:0:list:0", "screen_name"=>"zonoise", "list_slug"=>"rts", "consumer_key"=>"7T2MXf81aibvbY0ZYWsVgg", "consumer_secret"=>"TudfPBnkEN4pj0lTMzcBTmetJvZRMnSAly4qfGKfo", "oauth_token"=>"141069059-ha2aP5eDAGFFa6Ul0owJQxFfr8khVjyWTyqaRZaV", "oauth_token_secret"=>"o0H8ca3vtVNyMzVrtcMpV1iIowkgDMdHudKKXAdJWEg"}]) failed: #<Twitter::Unauthorized: GET https://api.twitter.com/1/account/verify_credentials.json: 401: Could not authenticate you.>
*** got: (Job{get_list_members} | GetListMembersJob | [{"key"=>"user:0:list:0", "screen_name"=>"zonoise", "list_slug"=>"rts", "consumer_key"=>"7T2MXf81aibvbY0ZYWsVgg", "consumer_secret"=>"TudfPBnkEN4pj0lTMzcBTmetJvZRMnSAly4qfGKfo", "oauth_token"=>"141069059-ha2aP5eDAGFFa6Ul0owJQxFfr8khVjyWTyqaRZaV", "oauth_token_secret"=>"o0H8ca3vtVNyMzVrtcMpV1iIowkgDMdHudKKXAdJWEg"}])
*** (Job{get_list_members} | GetListMembersJob | [{"key"=>"user:0:list:0", "screen_name"=>"zonoise", "list_slug"=>"rts", "consumer_key"=>"7T2MXf81aibvbY0ZYWsVgg", "consumer_secret"=>"TudfPBnkEN4pj0lTMzcBTmetJvZRMnSAly4qfGKfo", "oauth_token"=>"141069059-ha2aP5eDAGFFa6Ul0owJQxFfr8khVjyWTyqaRZaV", "oauth_token_secret"=>"o0H8ca3vtVNyMzVrtcMpV1iIowkgDMdHudKKXAdJWEg"}]) failed: #<Twitter::Unauthorized: GET https://api.twitter.com/1/account/verify_credentials.json: 401: Could not authenticate you.>
*** Exiting...
*** Exiting...
*** got: (Job{get_list_members} | GetListMembersJob | [{"key"=>"user:0:list:0", "screen_name"=>"zonoise", "list_slug"=>"rts", "consumer_key"=>"7T2MXf81aibvbY0ZYWsVgg", "consumer_secret"=>"TudfPBnkEN4pj0lTMzcBTmetJvZRMnSAly4qfGKfo", "oauth_token"=>"141069059-ha2aP5eDAGFFa6Ul0owJQxFfr8khVjyWTyqaRZaV", "oauth_token_secret"=>"o0H8ca3vtVNyMzVrtcMpV1iIowkgDMdHudKKXAdJWEg"}])
149
*** (Job{get_list_members} | GetListMembersJob | [{"key"=>"user:0:list:0", "screen_name"=>"zonoise", "list_slug"=>"rts", "consumer_key"=>"7T2MXf81aibvbY0ZYWsVgg", "consumer_secret"=>"TudfPBnkEN4pj0lTMzcBTmetJvZRMnSAly4qfGKfo", "oauth_token"=>"141069059-ha2aP5eDAGFFa6Ul0owJQxFfr8khVjyWTyqaRZaV", "oauth_token_secret"=>"o0H8ca3vtVNyMzVrtcMpV1iIowkgDMdHudKKXAdJWEg"}]) failed: #<Twitter::Unauthorized: GET https://api.twitter.com/1/account/verify_credentials.json: 401: Could not authenticate you.>
*** got: (Job{get_list_members} | GetListMembersJob | [{"key"=>"user:0:list:0", "screen_name"=>"zonoise", "list_slug"=>"rts", "consumer_key"=>"7T2MXf81aibvbY0ZYWsVgg", "consumer_secret"=>"TudfPBnkEN4pj0lTMzcBTmetJvZRMnSAly4qfGKfo", "oauth_token"=>"141069059-ha2aP5eDAGFFa6Ul0owJQxFfr8khVjyWTyqaRZaV", "oauth_token_secret"=>"o0H8ca3vtVNyMzVrtcMpV1iIowkgDMdHudKKXAdJWEg"}])
149
*** (Job{get_list_members} | GetListMembersJob | [{"key"=>"user:0:list:0", "screen_name"=>"zonoise", "list_slug"=>"rts", "consumer_key"=>"7T2MXf81aibvbY0ZYWsVgg", "consumer_secret"=>"TudfPBnkEN4pj0lTMzcBTmetJvZRMnSAly4qfGKfo", "oauth_token"=>"141069059-ha2aP5eDAGFFa6Ul0owJQxFfr8khVjyWTyqaRZaV", "oauth_token_secret"=>"o0H8ca3vtVNyMzVrtcMpV1iIowkgDMdHudKKXAdJWEg"}]) failed: #<Twitter::Unauthorized: GET https://api.twitter.com/1/account/verify_credentials.json: 401: Could not authenticate you.>
*** Exiting...
*** got: (Job{get_list_members} | GetListMembersJob | [{"key"=>"user:0:list:0", "screen_name"=>"zonoise", "list_slug"=>"rts", "consumer_key"=>"7T2MXf81aibvbY0ZYWsVgg", "consumer_secret"=>"TudfPBnkEN4pj0lTMzcBTmetJvZRMnSAly4qfGKfo", "oauth_token"=>"141069059-ha2aP5eDAGFFa6Ul0owJQxFfr8khVjyWTyqaRZaV", "oauth_token_secret"=>"o0H8ca3vtVNyMzVrtcMpV1iIowkgDMdHudKKXAdJWEg"}])
*** (Job{get_list_members} | GetListMembersJob | [{"key"=>"user:0:list:0", "screen_name"=>"zonoise", "list_slug"=>"rts", "consumer_key"=>"7T2MXf81aibvbY0ZYWsVgg", "consumer_secret"=>"TudfPBnkEN4pj0lTMzcBTmetJvZRMnSAly4qfGKfo", "oauth_token"=>"141069059-ha2aP5eDAGFFa6Ul0owJQxFfr8khVjyWTyqaRZaV", "oauth_token_secret"=>"o0H8ca3vtVNyMzVrtcMpV1iIowkgDMdHudKKXAdJWEg"}]) failed: #<NoMethodError: undefined method `[]' for nil:NilClass>
*** Exiting...
*** got: (Job{get_list_members} | GetListMembersJob | ["user:0:list:0", "zonoise", "rts", {"consumer_key"=>"7T2MXf81aibvbY0ZYWsVgg", "consumer_secret"=>"TudfPBnkEN4pj0lTMzcBTmetJvZRMnSAly4qfGKfo", "oauth_token"=>"141069059-ha2aP5eDAGFFa6Ul0owJQxFfr8khVjyWTyqaRZaV", "oauth_token_secret"=>"o0H8ca3vtVNyMzVrtcMpV1iIowkgDMdHudKKXAdJWEg"}])
*** (Job{get_list_members} | GetListMembersJob | ["user:0:list:0", "zonoise", "rts", {"consumer_key"=>"7T2MXf81aibvbY0ZYWsVgg", "consumer_secret"=>"TudfPBnkEN4pj0lTMzcBTmetJvZRMnSAly4qfGKfo", "oauth_token"=>"141069059-ha2aP5eDAGFFa6Ul0owJQxFfr8khVjyWTyqaRZaV", "oauth_token_secret"=>"o0H8ca3vtVNyMzVrtcMpV1iIowkgDMdHudKKXAdJWEg"}]) failed: #<ArgumentError: wrong number of arguments (4 for 1)>
*** Exiting...
*** got: (Job{get_list_members} | GetListMembersJob | ["user:0:list:0", "zonoise", "rts", {"consumer_key"=>"7T2MXf81aibvbY0ZYWsVgg", "consumer_secret"=>"TudfPBnkEN4pj0lTMzcBTmetJvZRMnSAly4qfGKfo", "oauth_token"=>"141069059-ha2aP5eDAGFFa6Ul0owJQxFfr8khVjyWTyqaRZaV", "oauth_token_secret"=>"o0H8ca3vtVNyMzVrtcMpV1iIowkgDMdHudKKXAdJWEg"}])
*** (Job{get_list_members} | GetListMembersJob | ["user:0:list:0", "zonoise", "rts", {"consumer_key"=>"7T2MXf81aibvbY0ZYWsVgg", "consumer_secret"=>"TudfPBnkEN4pj0lTMzcBTmetJvZRMnSAly4qfGKfo", "oauth_token"=>"141069059-ha2aP5eDAGFFa6Ul0owJQxFfr8khVjyWTyqaRZaV", "oauth_token_secret"=>"o0H8ca3vtVNyMzVrtcMpV1iIowkgDMdHudKKXAdJWEg"}]) failed: #<ArgumentError: wrong number of arguments (4 for 1)>
*** Exiting...
*** got: (Job{get_list_members} | GetListMembersJob | ["user:0:list:0", "zonoise", "rts", {"consumer_key"=>"7T2MXf81aibvbY0ZYWsVgg", "consumer_secret"=>"TudfPBnkEN4pj0lTMzcBTmetJvZRMnSAly4qfGKfo", "oauth_token"=>"141069059-ha2aP5eDAGFFa6Ul0owJQxFfr8khVjyWTyqaRZaV", "oauth_token_secret"=>"o0H8ca3vtVNyMzVrtcMpV1iIowkgDMdHudKKXAdJWEg"}])
150
*** (Job{get_list_members} | GetListMembersJob | ["user:0:list:0", "zonoise", "rts", {"consumer_key"=>"7T2MXf81aibvbY0ZYWsVgg", "consumer_secret"=>"TudfPBnkEN4pj0lTMzcBTmetJvZRMnSAly4qfGKfo", "oauth_token"=>"141069059-ha2aP5eDAGFFa6Ul0owJQxFfr8khVjyWTyqaRZaV", "oauth_token_secret"=>"o0H8ca3vtVNyMzVrtcMpV1iIowkgDMdHudKKXAdJWEg"}]) failed: #<NameError: undefined local variable or method `list_slug' for GetListMembersJob:Class>
*** Exiting...
*** got: (Job{get_list_members} | GetListMembersJob | ["user:0:list:0", "zonoise", "rts", {"consumer_key"=>"7T2MXf81aibvbY0ZYWsVgg", "consumer_secret"=>"TudfPBnkEN4pj0lTMzcBTmetJvZRMnSAly4qfGKfo", "oauth_token"=>"141069059-ha2aP5eDAGFFa6Ul0owJQxFfr8khVjyWTyqaRZaV", "oauth_token_secret"=>"o0H8ca3vtVNyMzVrtcMpV1iIowkgDMdHudKKXAdJWEg"}])
150
*** (Job{get_list_members} | GetListMembersJob | ["user:0:list:0", "zonoise", "rts", {"consumer_key"=>"7T2MXf81aibvbY0ZYWsVgg", "consumer_secret"=>"TudfPBnkEN4pj0lTMzcBTmetJvZRMnSAly4qfGKfo", "oauth_token"=>"141069059-ha2aP5eDAGFFa6Ul0owJQxFfr8khVjyWTyqaRZaV", "oauth_token_secret"=>"o0H8ca3vtVNyMzVrtcMpV1iIowkgDMdHudKKXAdJWEg"}]) failed: #<NameError: undefined local variable or method `list_slug' for GetListMembersJob:Class>
*** Exiting...
*** got: (Job{get_list_members} | GetListMembersJob | ["user:0:list:0", "zonoise", "rts", {"consumer_key"=>"7T2MXf81aibvbY0ZYWsVgg", "consumer_secret"=>"TudfPBnkEN4pj0lTMzcBTmetJvZRMnSAly4qfGKfo", "oauth_token"=>"141069059-ha2aP5eDAGFFa6Ul0owJQxFfr8khVjyWTyqaRZaV", "oauth_token_secret"=>"o0H8ca3vtVNyMzVrtcMpV1iIowkgDMdHudKKXAdJWEg"}])
150
*** done: (Job{get_list_members} | GetListMembersJob | ["user:0:list:0", "zonoise", "rts", {"consumer_key"=>"7T2MXf81aibvbY0ZYWsVgg", "consumer_secret"=>"TudfPBnkEN4pj0lTMzcBTmetJvZRMnSAly4qfGKfo", "oauth_token"=>"141069059-ha2aP5eDAGFFa6Ul0owJQxFfr8khVjyWTyqaRZaV", "oauth_token_secret"=>"o0H8ca3vtVNyMzVrtcMpV1iIowkgDMdHudKKXAdJWEg"}])
*** got: (Job{get_list_members} | GetListMembersJob | ["user:0:list:0", "zonoise", "rts", {"consumer_key"=>"7T2MXf81aibvbY0ZYWsVgg", "consumer_secret"=>"TudfPBnkEN4pj0lTMzcBTmetJvZRMnSAly4qfGKfo", "oauth_token"=>"141069059-ha2aP5eDAGFFa6Ul0owJQxFfr8khVjyWTyqaRZaV", "oauth_token_secret"=>"o0H8ca3vtVNyMzVrtcMpV1iIowkgDMdHudKKXAdJWEg"}])
148
*** done: (Job{get_list_members} | GetListMembersJob | ["user:0:list:0", "zonoise", "rts", {"consumer_key"=>"7T2MXf81aibvbY0ZYWsVgg", "consumer_secret"=>"TudfPBnkEN4pj0lTMzcBTmetJvZRMnSAly4qfGKfo", "oauth_token"=>"141069059-ha2aP5eDAGFFa6Ul0owJQxFfr8khVjyWTyqaRZaV", "oauth_token_secret"=>"o0H8ca3vtVNyMzVrtcMpV1iIowkgDMdHudKKXAdJWEg"}])
*** got: (Job{get_list_members} | GetListMembersJob | ["user:0:list:0", "zonoise", "rts", {"consumer_key"=>"7T2MXf81aibvbY0ZYWsVgg", "consumer_secret"=>"TudfPBnkEN4pj0lTMzcBTmetJvZRMnSAly4qfGKfo", "oauth_token"=>"141069059-ha2aP5eDAGFFa6Ul0owJQxFfr8khVjyWTyqaRZaV", "oauth_token_secret"=>"o0H8ca3vtVNyMzVrtcMpV1iIowkgDMdHudKKXAdJWEg"}])
150
*** done: (Job{get_list_members} | GetListMembersJob | ["user:0:list:0", "zonoise", "rts", {"consumer_key"=>"7T2MXf81aibvbY0ZYWsVgg", "consumer_secret"=>"TudfPBnkEN4pj0lTMzcBTmetJvZRMnSAly4qfGKfo", "oauth_token"=>"141069059-ha2aP5eDAGFFa6Ul0owJQxFfr8khVjyWTyqaRZaV", "oauth_token_secret"=>"o0H8ca3vtVNyMzVrtcMpV1iIowkgDMdHudKKXAdJWEg"}])
*** got: (Job{get_list_members} | GetListMembersJob | ["user:0:list:0", "zonoise", "rts", {"consumer_key"=>"7T2MXf81aibvbY0ZYWsVgg", "consumer_secret"=>"TudfPBnkEN4pj0lTMzcBTmetJvZRMnSAly4qfGKfo", "oauth_token"=>"141069059-ha2aP5eDAGFFa6Ul0owJQxFfr8khVjyWTyqaRZaV", "oauth_token_secret"=>"o0H8ca3vtVNyMzVrtcMpV1iIowkgDMdHudKKXAdJWEg"}])
148
*** done: (Job{get_list_members} | GetListMembersJob | ["user:0:list:0", "zonoise", "rts", {"consumer_key"=>"7T2MXf81aibvbY0ZYWsVgg", "consumer_secret"=>"TudfPBnkEN4pj0lTMzcBTmetJvZRMnSAly4qfGKfo", "oauth_token"=>"141069059-ha2aP5eDAGFFa6Ul0owJQxFfr8khVjyWTyqaRZaV", "oauth_token_secret"=>"o0H8ca3vtVNyMzVrtcMpV1iIowkgDMdHudKKXAdJWEg"}])
*** got: (Job{get_list_members} | GetListMembersJob | ["user:0:list:0", "zonoise", "rts", {"consumer_key"=>"7T2MXf81aibvbY0ZYWsVgg", "consumer_secret"=>"TudfPBnkEN4pj0lTMzcBTmetJvZRMnSAly4qfGKfo", "oauth_token"=>"141069059-ha2aP5eDAGFFa6Ul0owJQxFfr8khVjyWTyqaRZaV", "oauth_token_secret"=>"o0H8ca3vtVNyMzVrtcMpV1iIowkgDMdHudKKXAdJWEg"}])
146
*** done: (Job{get_list_members} | GetListMembersJob | ["user:0:list:0", "zonoise", "rts", {"consumer_key"=>"7T2MXf81aibvbY0ZYWsVgg", "consumer_secret"=>"TudfPBnkEN4pj0lTMzcBTmetJvZRMnSAly4qfGKfo", "oauth_token"=>"141069059-ha2aP5eDAGFFa6Ul0owJQxFfr8khVjyWTyqaRZaV", "oauth_token_secret"=>"o0H8ca3vtVNyMzVrtcMpV1iIowkgDMdHudKKXAdJWEg"}])
*** Exiting...
*** got: (Job{get_lists} | GetListsJob | ["user:0:lists:0", "zonoise", {"consumer_key"=>"7T2MXf81aibvbY0ZYWsVgg", "consumer_secret"=>"TudfPBnkEN4pj0lTMzcBTmetJvZRMnSAly4qfGKfo", "oauth_token"=>"141069059-ha2aP5eDAGFFa6Ul0owJQxFfr8khVjyWTyqaRZaV", "oauth_token_secret"=>"o0H8ca3vtVNyMzVrtcMpV1iIowkgDMdHudKKXAdJWEg"}])
*** (Job{get_lists} | GetListsJob | ["user:0:lists:0", "zonoise", {"consumer_key"=>"7T2MXf81aibvbY0ZYWsVgg", "consumer_secret"=>"TudfPBnkEN4pj0lTMzcBTmetJvZRMnSAly4qfGKfo", "oauth_token"=>"141069059-ha2aP5eDAGFFa6Ul0owJQxFfr8khVjyWTyqaRZaV", "oauth_token_secret"=>"o0H8ca3vtVNyMzVrtcMpV1iIowkgDMdHudKKXAdJWEg"}]) failed: #<ArgumentError: wrong number of arguments (3 for 4)>
*** Exiting...
*** got: (Job{get_lists} | GetListsJob | ["user:0:lists:0", "zonoise", {"consumer_key"=>"7T2MXf81aibvbY0ZYWsVgg", "consumer_secret"=>"TudfPBnkEN4pj0lTMzcBTmetJvZRMnSAly4qfGKfo", "oauth_token"=>"141069059-ha2aP5eDAGFFa6Ul0owJQxFfr8khVjyWTyqaRZaV", "oauth_token_secret"=>"o0H8ca3vtVNyMzVrtcMpV1iIowkgDMdHudKKXAdJWEg"}])
*** done: (Job{get_lists} | GetListsJob | ["user:0:lists:0", "zonoise", {"consumer_key"=>"7T2MXf81aibvbY0ZYWsVgg", "consumer_secret"=>"TudfPBnkEN4pj0lTMzcBTmetJvZRMnSAly4qfGKfo", "oauth_token"=>"141069059-ha2aP5eDAGFFa6Ul0owJQxFfr8khVjyWTyqaRZaV", "oauth_token_secret"=>"o0H8ca3vtVNyMzVrtcMpV1iIowkgDMdHudKKXAdJWEg"}])
*** got: (Job{get_list_members} | GetListMembersJob | ["user:0:list:0", "masarakki", "programmer", {"consumer_key"=>"7T2MXf81aibvbY0ZYWsVgg", "consumer_secret"=>"TudfPBnkEN4pj0lTMzcBTmetJvZRMnSAly4qfGKfo", "oauth_token"=>"141069059-ha2aP5eDAGFFa6Ul0owJQxFfr8khVjyWTyqaRZaV", "oauth_token_secret"=>"o0H8ca3vtVNyMzVrtcMpV1iIowkgDMdHudKKXAdJWEg"}])
*** done: (Job{get_list_members} | GetListMembersJob | ["user:0:list:0", "masarakki", "programmer", {"consumer_key"=>"7T2MXf81aibvbY0ZYWsVgg", "consumer_secret"=>"TudfPBnkEN4pj0lTMzcBTmetJvZRMnSAly4qfGKfo", "oauth_token"=>"141069059-ha2aP5eDAGFFa6Ul0owJQxFfr8khVjyWTyqaRZaV", "oauth_token_secret"=>"o0H8ca3vtVNyMzVrtcMpV1iIowkgDMdHudKKXAdJWEg"}])
*** got: (Job{get_list_members} | GetListMembersJob | ["user:0:list:1", "masarakki", "ruby", {"consumer_key"=>"7T2MXf81aibvbY0ZYWsVgg", "consumer_secret"=>"TudfPBnkEN4pj0lTMzcBTmetJvZRMnSAly4qfGKfo", "oauth_token"=>"141069059-ha2aP5eDAGFFa6Ul0owJQxFfr8khVjyWTyqaRZaV", "oauth_token_secret"=>"o0H8ca3vtVNyMzVrtcMpV1iIowkgDMdHudKKXAdJWEg"}])
*** done: (Job{get_list_members} | GetListMembersJob | ["user:0:list:1", "masarakki", "ruby", {"consumer_key"=>"7T2MXf81aibvbY0ZYWsVgg", "consumer_secret"=>"TudfPBnkEN4pj0lTMzcBTmetJvZRMnSAly4qfGKfo", "oauth_token"=>"141069059-ha2aP5eDAGFFa6Ul0owJQxFfr8khVjyWTyqaRZaV", "oauth_token_secret"=>"o0H8ca3vtVNyMzVrtcMpV1iIowkgDMdHudKKXAdJWEg"}])
*** got: (Job{get_lists_job} | GetListsJob | ["user:0:lists:1", "zonoise", {"consumer_key"=>"7T2MXf81aibvbY0ZYWsVgg", "consumer_secret"=>"TudfPBnkEN4pj0lTMzcBTmetJvZRMnSAly4qfGKfo", "oauth_token"=>"141069059-ha2aP5eDAGFFa6Ul0owJQxFfr8khVjyWTyqaRZaV", "oauth_token_secret"=>"o0H8ca3vtVNyMzVrtcMpV1iIowkgDMdHudKKXAdJWEg"}])
*** done: (Job{get_lists_job} | GetListsJob | ["user:0:lists:1", "zonoise", {"consumer_key"=>"7T2MXf81aibvbY0ZYWsVgg", "consumer_secret"=>"TudfPBnkEN4pj0lTMzcBTmetJvZRMnSAly4qfGKfo", "oauth_token"=>"141069059-ha2aP5eDAGFFa6Ul0owJQxFfr8khVjyWTyqaRZaV", "oauth_token_secret"=>"o0H8ca3vtVNyMzVrtcMpV1iIowkgDMdHudKKXAdJWEg"}])
*** got: (Job{get_lists_job} | GetListsJob | ["user:0:lists:1", "zonoise", {"consumer_key"=>"7T2MXf81aibvbY0ZYWsVgg", "consumer_secret"=>"TudfPBnkEN4pj0lTMzcBTmetJvZRMnSAly4qfGKfo", "oauth_token"=>"141069059-ha2aP5eDAGFFa6Ul0owJQxFfr8khVjyWTyqaRZaV", "oauth_token_secret"=>"o0H8ca3vtVNyMzVrtcMpV1iIowkgDMdHudKKXAdJWEg"}])
*** done: (Job{get_lists_job} | GetListsJob | ["user:0:lists:1", "zonoise", {"consumer_key"=>"7T2MXf81aibvbY0ZYWsVgg", "consumer_secret"=>"TudfPBnkEN4pj0lTMzcBTmetJvZRMnSAly4qfGKfo", "oauth_token"=>"141069059-ha2aP5eDAGFFa6Ul0owJQxFfr8khVjyWTyqaRZaV", "oauth_token_secret"=>"o0H8ca3vtVNyMzVrtcMpV1iIowkgDMdHudKKXAdJWEg"}])
*** got: (Job{hage} | GetListsJob | ["user:0:lists:1", "zonoise", {"consumer_key"=>"7T2MXf81aibvbY0ZYWsVgg", "consumer_secret"=>"TudfPBnkEN4pj0lTMzcBTmetJvZRMnSAly4qfGKfo", "oauth_token"=>"141069059-ha2aP5eDAGFFa6Ul0owJQxFfr8khVjyWTyqaRZaV", "oauth_token_secret"=>"o0H8ca3vtVNyMzVrtcMpV1iIowkgDMdHudKKXAdJWEg"}])
*** done: (Job{hage} | GetListsJob | ["user:0:lists:1", "zonoise", {"consumer_key"=>"7T2MXf81aibvbY0ZYWsVgg", "consumer_secret"=>"TudfPBnkEN4pj0lTMzcBTmetJvZRMnSAly4qfGKfo", "oauth_token"=>"141069059-ha2aP5eDAGFFa6Ul0owJQxFfr8khVjyWTyqaRZaV", "oauth_token_secret"=>"o0H8ca3vtVNyMzVrtcMpV1iIowkgDMdHudKKXAdJWEg"}])
*** got: (Job{hage} | GetListsJob | ["user:0:lists:1", "zonoise", {"consumer_key"=>"7T2MXf81aibvbY0ZYWsVgg", "consumer_secret"=>"TudfPBnkEN4pj0lTMzcBTmetJvZRMnSAly4qfGKfo", "oauth_token"=>"141069059-ha2aP5eDAGFFa6Ul0owJQxFfr8khVjyWTyqaRZaV", "oauth_token_secret"=>"o0H8ca3vtVNyMzVrtcMpV1iIowkgDMdHudKKXAdJWEg"}])
*** done: (Job{hage} | GetListsJob | ["user:0:lists:1", "zonoise", {"consumer_key"=>"7T2MXf81aibvbY0ZYWsVgg", "consumer_secret"=>"TudfPBnkEN4pj0lTMzcBTmetJvZRMnSAly4qfGKfo", "oauth_token"=>"141069059-ha2aP5eDAGFFa6Ul0owJQxFfr8khVjyWTyqaRZaV", "oauth_token_secret"=>"o0H8ca3vtVNyMzVrtcMpV1iIowkgDMdHudKKXAdJWEg"}])
*** got: (Job{hage} | GetListsJob | ["user:0:lists:1", "zonoise", {"consumer_key"=>"7T2MXf81aibvbY0ZYWsVgg", "consumer_secret"=>"TudfPBnkEN4pj0lTMzcBTmetJvZRMnSAly4qfGKfo", "oauth_token"=>"141069059-ha2aP5eDAGFFa6Ul0owJQxFfr8khVjyWTyqaRZaV", "oauth_token_secret"=>"o0H8ca3vtVNyMzVrtcMpV1iIowkgDMdHudKKXAdJWEg"}])
*** done: (Job{hage} | GetListsJob | ["user:0:lists:1", "zonoise", {"consumer_key"=>"7T2MXf81aibvbY0ZYWsVgg", "consumer_secret"=>"TudfPBnkEN4pj0lTMzcBTmetJvZRMnSAly4qfGKfo", "oauth_token"=>"141069059-ha2aP5eDAGFFa6Ul0owJQxFfr8khVjyWTyqaRZaV", "oauth_token_secret"=>"o0H8ca3vtVNyMzVrtcMpV1iIowkgDMdHudKKXAdJWEg"}])
*** got: (Job{hage} | GetListsJob | ["user:0:lists:1", "zonoise", {"consumer_key"=>"7T2MXf81aibvbY0ZYWsVgg", "consumer_secret"=>"TudfPBnkEN4pj0lTMzcBTmetJvZRMnSAly4qfGKfo", "oauth_token"=>"141069059-ha2aP5eDAGFFa6Ul0owJQxFfr8khVjyWTyqaRZaV", "oauth_token_secret"=>"o0H8ca3vtVNyMzVrtcMpV1iIowkgDMdHudKKXAdJWEg"}])
*** done: (Job{hage} | GetListsJob | ["user:0:lists:1", "zonoise", {"consumer_key"=>"7T2MXf81aibvbY0ZYWsVgg", "consumer_secret"=>"TudfPBnkEN4pj0lTMzcBTmetJvZRMnSAly4qfGKfo", "oauth_token"=>"141069059-ha2aP5eDAGFFa6Ul0owJQxFfr8khVjyWTyqaRZaV", "oauth_token_secret"=>"o0H8ca3vtVNyMzVrtcMpV1iIowkgDMdHudKKXAdJWEg"}])
*** got: (Job{hage} | GetListsJob | ["user:0:lists:1", "zonoise", {"consumer_key"=>"7T2MXf81aibvbY0ZYWsVgg", "consumer_secret"=>"TudfPBnkEN4pj0lTMzcBTmetJvZRMnSAly4qfGKfo", "oauth_token"=>"141069059-ha2aP5eDAGFFa6Ul0owJQxFfr8khVjyWTyqaRZaV", "oauth_token_secret"=>"o0H8ca3vtVNyMzVrtcMpV1iIowkgDMdHudKKXAdJWEg"}])
*** done: (Job{hage} | GetListsJob | ["user:0:lists:1", "zonoise", {"consumer_key"=>"7T2MXf81aibvbY0ZYWsVgg", "consumer_secret"=>"TudfPBnkEN4pj0lTMzcBTmetJvZRMnSAly4qfGKfo", "oauth_token"=>"141069059-ha2aP5eDAGFFa6Ul0owJQxFfr8khVjyWTyqaRZaV", "oauth_token_secret"=>"o0H8ca3vtVNyMzVrtcMpV1iIowkgDMdHudKKXAdJWEg"}])
*** Exiting...
*** got: (Job{hage} | GetListsJob | ["user:0:lists:1", "zonoise", {"consumer_key"=>"7T2MXf81aibvbY0ZYWsVgg", "consumer_secret"=>"TudfPBnkEN4pj0lTMzcBTmetJvZRMnSAly4qfGKfo", "oauth_token"=>"141069059-ha2aP5eDAGFFa6Ul0owJQxFfr8khVjyWTyqaRZaV", "oauth_token_secret"=>"o0H8ca3vtVNyMzVrtcMpV1iIowkgDMdHudKKXAdJWEg"}])
*** done: (Job{hage} | GetListsJob | ["user:0:lists:1", "zonoise", {"consumer_key"=>"7T2MXf81aibvbY0ZYWsVgg", "consumer_secret"=>"TudfPBnkEN4pj0lTMzcBTmetJvZRMnSAly4qfGKfo", "oauth_token"=>"141069059-ha2aP5eDAGFFa6Ul0owJQxFfr8khVjyWTyqaRZaV", "oauth_token_secret"=>"o0H8ca3vtVNyMzVrtcMpV1iIowkgDMdHudKKXAdJWEg"}])
*** got: (Job{hage} | GetListsJob | ["user:0:lists:1", "zonoise", {"consumer_key"=>"7T2MXf81aibvbY0ZYWsVgg", "consumer_secret"=>"TudfPBnkEN4pj0lTMzcBTmetJvZRMnSAly4qfGKfo", "oauth_token"=>"141069059-ha2aP5eDAGFFa6Ul0owJQxFfr8khVjyWTyqaRZaV", "oauth_token_secret"=>"o0H8ca3vtVNyMzVrtcMpV1iIowkgDMdHudKKXAdJWEg"}])
*** done: (Job{hage} | GetListsJob | ["user:0:lists:1", "zonoise", {"consumer_key"=>"7T2MXf81aibvbY0ZYWsVgg", "consumer_secret"=>"TudfPBnkEN4pj0lTMzcBTmetJvZRMnSAly4qfGKfo", "oauth_token"=>"141069059-ha2aP5eDAGFFa6Ul0owJQxFfr8khVjyWTyqaRZaV", "oauth_token_secret"=>"o0H8ca3vtVNyMzVrtcMpV1iIowkgDMdHudKKXAdJWEg"}])
*** got: (Job{hage} | GetListsJob | ["user:0:lists:1", "zonoise", {"consumer_key"=>"7T2MXf81aibvbY0ZYWsVgg", "consumer_secret"=>"TudfPBnkEN4pj0lTMzcBTmetJvZRMnSAly4qfGKfo", "oauth_token"=>"141069059-ha2aP5eDAGFFa6Ul0owJQxFfr8khVjyWTyqaRZaV", "oauth_token_secret"=>"o0H8ca3vtVNyMzVrtcMpV1iIowkgDMdHudKKXAdJWEg"}])
*** done: (Job{hage} | GetListsJob | ["user:0:lists:1", "zonoise", {"consumer_key"=>"7T2MXf81aibvbY0ZYWsVgg", "consumer_secret"=>"TudfPBnkEN4pj0lTMzcBTmetJvZRMnSAly4qfGKfo", "oauth_token"=>"141069059-ha2aP5eDAGFFa6Ul0owJQxFfr8khVjyWTyqaRZaV", "oauth_token_secret"=>"o0H8ca3vtVNyMzVrtcMpV1iIowkgDMdHudKKXAdJWEg"}])
*** got: (Job{hage} | GetListsJob | ["user:0:lists:1", "zonoise", {"consumer_key"=>"7T2MXf81aibvbY0ZYWsVgg", "consumer_secret"=>"TudfPBnkEN4pj0lTMzcBTmetJvZRMnSAly4qfGKfo", "oauth_token"=>"141069059-ha2aP5eDAGFFa6Ul0owJQxFfr8khVjyWTyqaRZaV", "oauth_token_secret"=>"o0H8ca3vtVNyMzVrtcMpV1iIowkgDMdHudKKXAdJWEg"}])
*** done: (Job{hage} | GetListsJob | ["user:0:lists:1", "zonoise", {"consumer_key"=>"7T2MXf81aibvbY0ZYWsVgg", "consumer_secret"=>"TudfPBnkEN4pj0lTMzcBTmetJvZRMnSAly4qfGKfo", "oauth_token"=>"141069059-ha2aP5eDAGFFa6Ul0owJQxFfr8khVjyWTyqaRZaV", "oauth_token_secret"=>"o0H8ca3vtVNyMzVrtcMpV1iIowkgDMdHudKKXAdJWEg"}])
/home/user0/.rvm/gems/ruby-1.9.2-p0/gems/redis-2.2.2/lib/redis/client.rb:236:in `rescue in establish_connection': Connection refused - Unable to connect to Redis on 127.0.0.1:6379 (Errno::ECONNREFUSED)
	from /home/user0/.rvm/gems/ruby-1.9.2-p0/gems/redis-2.2.2/lib/redis/client.rb:222:in `establish_connection'
	from /home/user0/.rvm/gems/ruby-1.9.2-p0/gems/redis-2.2.2/lib/redis/client.rb:23:in `connect'
	from /home/user0/.rvm/gems/ruby-1.9.2-p0/gems/redis-2.2.2/lib/redis/client.rb:247:in `ensure_connected'
	from /home/user0/.rvm/gems/ruby-1.9.2-p0/gems/redis-2.2.2/lib/redis/client.rb:137:in `block in process'
	from /home/user0/.rvm/gems/ruby-1.9.2-p0/gems/redis-2.2.2/lib/redis/client.rb:206:in `logging'
	from /home/user0/.rvm/gems/ruby-1.9.2-p0/gems/redis-2.2.2/lib/redis/client.rb:136:in `process'
	from /home/user0/.rvm/gems/ruby-1.9.2-p0/gems/redis-2.2.2/lib/redis/client.rb:46:in `call'
	from /home/user0/.rvm/gems/ruby-1.9.2-p0/gems/redis-2.2.2/lib/redis.rb:157:in `block in get'
	from /home/user0/.rvm/rubies/ruby-1.9.2-p0/lib/ruby/1.9.1/monitor.rb:201:in `mon_synchronize'
	from /home/user0/.rvm/gems/ruby-1.9.2-p0/gems/redis-2.2.2/lib/redis.rb:156:in `get'
	from /home/user0/.rvm/gems/ruby-1.9.2-p0/gems/redis-namespace-1.0.3/lib/redis/namespace.rb:213:in `method_missing'
	from /home/user0/.rvm/gems/ruby-1.9.2-p0/gems/resque-1.19.0/lib/resque/worker.rb:430:in `job'
	from /home/user0/.rvm/gems/ruby-1.9.2-p0/gems/resque-1.19.0/lib/resque/worker.rb:362:in `unregister_worker'
	from /home/user0/.rvm/gems/ruby-1.9.2-p0/gems/resque-1.19.0/lib/resque/worker.rb:145:in `ensure in work'
	from /home/user0/.rvm/gems/ruby-1.9.2-p0/gems/resque-1.19.0/lib/resque/worker.rb:145:in `work'
	from start_worker.rb:11:in `start'
	from /home/user0/.rvm/gems/ruby-1.9.2-p0/gems/daemon-spawn-0.4.2/lib/daemon_spawn.rb:51:in `block in start'
	from /home/user0/.rvm/gems/ruby-1.9.2-p0/gems/daemon-spawn-0.4.2/lib/daemon_spawn.rb:38:in `fork'
	from /home/user0/.rvm/gems/ruby-1.9.2-p0/gems/daemon-spawn-0.4.2/lib/daemon_spawn.rb:38:in `start'
	from /home/user0/.rvm/gems/ruby-1.9.2-p0/gems/daemon-spawn-0.4.2/lib/daemon_spawn.rb:181:in `block in start'
	from /home/user0/.rvm/gems/ruby-1.9.2-p0/gems/daemon-spawn-0.4.2/lib/daemon_spawn.rb:181:in `map'
	from /home/user0/.rvm/gems/ruby-1.9.2-p0/gems/daemon-spawn-0.4.2/lib/daemon_spawn.rb:181:in `start'
	from /home/user0/.rvm/gems/ruby-1.9.2-p0/gems/daemon-spawn-0.4.2/lib/daemon_spawn.rb:165:in `spawn!'
	from start_worker.rb:19:in `<main>'
*** got: (Job{hage} | TwitterWrapperJob::GetListsJob | ["user:0:lists:1", "zonoise", {"consumer_key"=>"7T2MXf81aibvbY0ZYWsVgg", "consumer_secret"=>"TudfPBnkEN4pj0lTMzcBTmetJvZRMnSAly4qfGKfo", "oauth_token"=>"141069059-ha2aP5eDAGFFa6Ul0owJQxFfr8khVjyWTyqaRZaV", "oauth_token_secret"=>"o0H8ca3vtVNyMzVrtcMpV1iIowkgDMdHudKKXAdJWEg"}])
*** (Job{hage} | TwitterWrapperJob::GetListsJob | ["user:0:lists:1", "zonoise", {"consumer_key"=>"7T2MXf81aibvbY0ZYWsVgg", "consumer_secret"=>"TudfPBnkEN4pj0lTMzcBTmetJvZRMnSAly4qfGKfo", "oauth_token"=>"141069059-ha2aP5eDAGFFa6Ul0owJQxFfr8khVjyWTyqaRZaV", "oauth_token_secret"=>"o0H8ca3vtVNyMzVrtcMpV1iIowkgDMdHudKKXAdJWEg"}]) failed: #<NoMethodError: undefined method `get_lists' for TwitterWrapperJob::GetListsJob:Class>
*** got: (Job{hage} | TwitterWrapperJob::GetListsJob | ["user:0:lists:1", "zonoise", {"consumer_key"=>"7T2MXf81aibvbY0ZYWsVgg", "consumer_secret"=>"TudfPBnkEN4pj0lTMzcBTmetJvZRMnSAly4qfGKfo", "oauth_token"=>"141069059-ha2aP5eDAGFFa6Ul0owJQxFfr8khVjyWTyqaRZaV", "oauth_token_secret"=>"o0H8ca3vtVNyMzVrtcMpV1iIowkgDMdHudKKXAdJWEg"}])
*** (Job{hage} | TwitterWrapperJob::GetListsJob | ["user:0:lists:1", "zonoise", {"consumer_key"=>"7T2MXf81aibvbY0ZYWsVgg", "consumer_secret"=>"TudfPBnkEN4pj0lTMzcBTmetJvZRMnSAly4qfGKfo", "oauth_token"=>"141069059-ha2aP5eDAGFFa6Ul0owJQxFfr8khVjyWTyqaRZaV", "oauth_token_secret"=>"o0H8ca3vtVNyMzVrtcMpV1iIowkgDMdHudKKXAdJWEg"}]) failed: #<NoMethodError: undefined method `get_lists' for TwitterWrapperJob::GetListsJob:Class>
*** got: (Job{hage} | TwitterWrapperJob::GetListsJob | ["user:0:lists:1", "zonoise", {"consumer_key"=>"7T2MXf81aibvbY0ZYWsVgg", "consumer_secret"=>"TudfPBnkEN4pj0lTMzcBTmetJvZRMnSAly4qfGKfo", "oauth_token"=>"141069059-ha2aP5eDAGFFa6Ul0owJQxFfr8khVjyWTyqaRZaV", "oauth_token_secret"=>"o0H8ca3vtVNyMzVrtcMpV1iIowkgDMdHudKKXAdJWEg"}])
*** (Job{hage} | TwitterWrapperJob::GetListsJob | ["user:0:lists:1", "zonoise", {"consumer_key"=>"7T2MXf81aibvbY0ZYWsVgg", "consumer_secret"=>"TudfPBnkEN4pj0lTMzcBTmetJvZRMnSAly4qfGKfo", "oauth_token"=>"141069059-ha2aP5eDAGFFa6Ul0owJQxFfr8khVjyWTyqaRZaV", "oauth_token_secret"=>"o0H8ca3vtVNyMzVrtcMpV1iIowkgDMdHudKKXAdJWEg"}]) failed: #<NoMethodError: undefined method `get_lists' for TwitterWrapperJob::GetListsJob:Class>
*** got: (Job{hage} | TwitterWrapperJob::GetListsJob | ["user:0:lists:1", "zonoise", {"consumer_key"=>"7T2MXf81aibvbY0ZYWsVgg", "consumer_secret"=>"TudfPBnkEN4pj0lTMzcBTmetJvZRMnSAly4qfGKfo", "oauth_token"=>"141069059-ha2aP5eDAGFFa6Ul0owJQxFfr8khVjyWTyqaRZaV", "oauth_token_secret"=>"o0H8ca3vtVNyMzVrtcMpV1iIowkgDMdHudKKXAdJWEg"}])
*** (Job{hage} | TwitterWrapperJob::GetListsJob | ["user:0:lists:1", "zonoise", {"consumer_key"=>"7T2MXf81aibvbY0ZYWsVgg", "consumer_secret"=>"TudfPBnkEN4pj0lTMzcBTmetJvZRMnSAly4qfGKfo", "oauth_token"=>"141069059-ha2aP5eDAGFFa6Ul0owJQxFfr8khVjyWTyqaRZaV", "oauth_token_secret"=>"o0H8ca3vtVNyMzVrtcMpV1iIowkgDMdHudKKXAdJWEg"}]) failed: #<NoMethodError: undefined method `get_lists' for TwitterWrapperJob::GetListsJob:Class>
*** Error reserving job: #<Errno::ECONNREFUSED: Connection refused - Unable to connect to Redis on 127.0.0.1:6379>
*** /home/user0/.rvm/gems/ruby-1.9.2-p0/gems/redis-2.2.2/lib/redis/client.rb:236:in `rescue in establish_connection'
/home/user0/.rvm/gems/ruby-1.9.2-p0/gems/redis-2.2.2/lib/redis/client.rb:222:in `establish_connection'
/home/user0/.rvm/gems/ruby-1.9.2-p0/gems/redis-2.2.2/lib/redis/client.rb:23:in `connect'
/home/user0/.rvm/gems/ruby-1.9.2-p0/gems/redis-2.2.2/lib/redis/client.rb:247:in `ensure_connected'
/home/user0/.rvm/gems/ruby-1.9.2-p0/gems/redis-2.2.2/lib/redis/client.rb:137:in `block in process'
/home/user0/.rvm/gems/ruby-1.9.2-p0/gems/redis-2.2.2/lib/redis/client.rb:206:in `logging'
/home/user0/.rvm/gems/ruby-1.9.2-p0/gems/redis-2.2.2/lib/redis/client.rb:136:in `process'
/home/user0/.rvm/gems/ruby-1.9.2-p0/gems/redis-2.2.2/lib/redis/client.rb:46:in `call'
/home/user0/.rvm/gems/ruby-1.9.2-p0/gems/redis-2.2.2/lib/redis.rb:421:in `block in smembers'
/home/user0/.rvm/rubies/ruby-1.9.2-p0/lib/ruby/1.9.1/monitor.rb:201:in `mon_synchronize'
/home/user0/.rvm/gems/ruby-1.9.2-p0/gems/redis-2.2.2/lib/redis.rb:420:in `smembers'
/home/user0/.rvm/gems/ruby-1.9.2-p0/gems/redis-namespace-1.0.3/lib/redis/namespace.rb:213:in `method_missing'
/home/user0/.rvm/gems/ruby-1.9.2-p0/gems/resque-1.19.0/lib/resque.rb:193:in `queues'
/home/user0/.rvm/gems/ruby-1.9.2-p0/gems/resque-1.19.0/lib/resque/worker.rb:201:in `queues'
/home/user0/.rvm/gems/ruby-1.9.2-p0/gems/resque-1.19.0/lib/resque/worker.rb:182:in `reserve'
/home/user0/.rvm/gems/ruby-1.9.2-p0/gems/resque-1.19.0/lib/resque/worker.rb:119:in `block in work'
/home/user0/.rvm/gems/ruby-1.9.2-p0/gems/resque-1.19.0/lib/resque/worker.rb:116:in `loop'
/home/user0/.rvm/gems/ruby-1.9.2-p0/gems/resque-1.19.0/lib/resque/worker.rb:116:in `work'
start_worker.rb:11:in `start'
/home/user0/.rvm/gems/ruby-1.9.2-p0/gems/daemon-spawn-0.4.2/lib/daemon_spawn.rb:51:in `block in start'
/home/user0/.rvm/gems/ruby-1.9.2-p0/gems/daemon-spawn-0.4.2/lib/daemon_spawn.rb:38:in `fork'
/home/user0/.rvm/gems/ruby-1.9.2-p0/gems/daemon-spawn-0.4.2/lib/daemon_spawn.rb:38:in `start'
/home/user0/.rvm/gems/ruby-1.9.2-p0/gems/daemon-spawn-0.4.2/lib/daemon_spawn.rb:181:in `block in start'
/home/user0/.rvm/gems/ruby-1.9.2-p0/gems/daemon-spawn-0.4.2/lib/daemon_spawn.rb:181:in `map'
/home/user0/.rvm/gems/ruby-1.9.2-p0/gems/daemon-spawn-0.4.2/lib/daemon_spawn.rb:181:in `start'
/home/user0/.rvm/gems/ruby-1.9.2-p0/gems/daemon-spawn-0.4.2/lib/daemon_spawn.rb:165:in `spawn!'
start_worker.rb:19:in `<main>'
/home/user0/.rvm/gems/ruby-1.9.2-p0/gems/redis-2.2.2/lib/redis/client.rb:236:in `rescue in establish_connection': Connection refused - Unable to connect to Redis on 127.0.0.1:6379 (Errno::ECONNREFUSED)
	from /home/user0/.rvm/gems/ruby-1.9.2-p0/gems/redis-2.2.2/lib/redis/client.rb:222:in `establish_connection'
	from /home/user0/.rvm/gems/ruby-1.9.2-p0/gems/redis-2.2.2/lib/redis/client.rb:23:in `connect'
	from /home/user0/.rvm/gems/ruby-1.9.2-p0/gems/redis-2.2.2/lib/redis/client.rb:247:in `ensure_connected'
	from /home/user0/.rvm/gems/ruby-1.9.2-p0/gems/redis-2.2.2/lib/redis/client.rb:137:in `block in process'
	from /home/user0/.rvm/gems/ruby-1.9.2-p0/gems/redis-2.2.2/lib/redis/client.rb:206:in `logging'
	from /home/user0/.rvm/gems/ruby-1.9.2-p0/gems/redis-2.2.2/lib/redis/client.rb:136:in `process'
	from /home/user0/.rvm/gems/ruby-1.9.2-p0/gems/redis-2.2.2/lib/redis/client.rb:46:in `call'
	from /home/user0/.rvm/gems/ruby-1.9.2-p0/gems/redis-2.2.2/lib/redis.rb:157:in `block in get'
	from /home/user0/.rvm/rubies/ruby-1.9.2-p0/lib/ruby/1.9.1/monitor.rb:201:in `mon_synchronize'
	from /home/user0/.rvm/gems/ruby-1.9.2-p0/gems/redis-2.2.2/lib/redis.rb:156:in `get'
	from /home/user0/.rvm/gems/ruby-1.9.2-p0/gems/redis-namespace-1.0.3/lib/redis/namespace.rb:213:in `method_missing'
	from /home/user0/.rvm/gems/ruby-1.9.2-p0/gems/resque-1.19.0/lib/resque/worker.rb:430:in `job'
	from /home/user0/.rvm/gems/ruby-1.9.2-p0/gems/resque-1.19.0/lib/resque/worker.rb:362:in `unregister_worker'
	from /home/user0/.rvm/gems/ruby-1.9.2-p0/gems/resque-1.19.0/lib/resque/worker.rb:145:in `ensure in work'
	from /home/user0/.rvm/gems/ruby-1.9.2-p0/gems/resque-1.19.0/lib/resque/worker.rb:145:in `work'
	from start_worker.rb:11:in `start'
	from /home/user0/.rvm/gems/ruby-1.9.2-p0/gems/daemon-spawn-0.4.2/lib/daemon_spawn.rb:51:in `block in start'
	from /home/user0/.rvm/gems/ruby-1.9.2-p0/gems/daemon-spawn-0.4.2/lib/daemon_spawn.rb:38:in `fork'
	from /home/user0/.rvm/gems/ruby-1.9.2-p0/gems/daemon-spawn-0.4.2/lib/daemon_spawn.rb:38:in `start'
	from /home/user0/.rvm/gems/ruby-1.9.2-p0/gems/daemon-spawn-0.4.2/lib/daemon_spawn.rb:181:in `block in start'
	from /home/user0/.rvm/gems/ruby-1.9.2-p0/gems/daemon-spawn-0.4.2/lib/daemon_spawn.rb:181:in `map'
	from /home/user0/.rvm/gems/ruby-1.9.2-p0/gems/daemon-spawn-0.4.2/lib/daemon_spawn.rb:181:in `start'
	from /home/user0/.rvm/gems/ruby-1.9.2-p0/gems/daemon-spawn-0.4.2/lib/daemon_spawn.rb:165:in `spawn!'
	from start_worker.rb:19:in `<main>'
/home/user0/.rvm/gems/ruby-1.9.2-p0/gems/redis-2.2.2/lib/redis/client.rb:236:in `rescue in establish_connection': Connection refused - Unable to connect to Redis on 127.0.0.1:6379 (Errno::ECONNREFUSED)
	from /home/user0/.rvm/gems/ruby-1.9.2-p0/gems/redis-2.2.2/lib/redis/client.rb:222:in `establish_connection'
	from /home/user0/.rvm/gems/ruby-1.9.2-p0/gems/redis-2.2.2/lib/redis/client.rb:23:in `connect'
	from /home/user0/.rvm/gems/ruby-1.9.2-p0/gems/redis-2.2.2/lib/redis/client.rb:247:in `ensure_connected'
	from /home/user0/.rvm/gems/ruby-1.9.2-p0/gems/redis-2.2.2/lib/redis/client.rb:137:in `block in process'
	from /home/user0/.rvm/gems/ruby-1.9.2-p0/gems/redis-2.2.2/lib/redis/client.rb:206:in `logging'
	from /home/user0/.rvm/gems/ruby-1.9.2-p0/gems/redis-2.2.2/lib/redis/client.rb:136:in `process'
	from /home/user0/.rvm/gems/ruby-1.9.2-p0/gems/redis-2.2.2/lib/redis/client.rb:46:in `call'
	from /home/user0/.rvm/gems/ruby-1.9.2-p0/gems/redis-2.2.2/lib/redis.rb:157:in `block in get'
	from /home/user0/.rvm/rubies/ruby-1.9.2-p0/lib/ruby/1.9.1/monitor.rb:201:in `mon_synchronize'
	from /home/user0/.rvm/gems/ruby-1.9.2-p0/gems/redis-2.2.2/lib/redis.rb:156:in `get'
	from /home/user0/.rvm/gems/ruby-1.9.2-p0/gems/redis-namespace-1.0.3/lib/redis/namespace.rb:213:in `method_missing'
	from /home/user0/.rvm/gems/ruby-1.9.2-p0/gems/resque-1.19.0/lib/resque/worker.rb:430:in `job'
	from /home/user0/.rvm/gems/ruby-1.9.2-p0/gems/resque-1.19.0/lib/resque/worker.rb:362:in `unregister_worker'
	from /home/user0/.rvm/gems/ruby-1.9.2-p0/gems/resque-1.19.0/lib/resque/worker.rb:145:in `ensure in work'
	from /home/user0/.rvm/gems/ruby-1.9.2-p0/gems/resque-1.19.0/lib/resque/worker.rb:145:in `work'
	from single_worker.rb:11:in `start'
	from /home/user0/.rvm/gems/ruby-1.9.2-p0/gems/daemon-spawn-0.4.2/lib/daemon_spawn.rb:51:in `block in start'
	from /home/user0/.rvm/gems/ruby-1.9.2-p0/gems/daemon-spawn-0.4.2/lib/daemon_spawn.rb:38:in `fork'
	from /home/user0/.rvm/gems/ruby-1.9.2-p0/gems/daemon-spawn-0.4.2/lib/daemon_spawn.rb:38:in `start'
	from /home/user0/.rvm/gems/ruby-1.9.2-p0/gems/daemon-spawn-0.4.2/lib/daemon_spawn.rb:181:in `block in start'
	from /home/user0/.rvm/gems/ruby-1.9.2-p0/gems/daemon-spawn-0.4.2/lib/daemon_spawn.rb:181:in `map'
	from /home/user0/.rvm/gems/ruby-1.9.2-p0/gems/daemon-spawn-0.4.2/lib/daemon_spawn.rb:181:in `start'
	from /home/user0/.rvm/gems/ruby-1.9.2-p0/gems/daemon-spawn-0.4.2/lib/daemon_spawn.rb:165:in `spawn!'
	from single_worker.rb:19:in `<main>'
*** got: (Job{get_list_members} | TwitterWrapperJob::GetListMembersJob | ["user:0:lists:1", "zonoise", "ruby", {"consumer_key"=>"7T2MXf81aibvbY0ZYWsVgg", "consumer_secret"=>"TudfPBnkEN4pj0lTMzcBTmetJvZRMnSAly4qfGKfo", "oauth_token"=>"141069059-ha2aP5eDAGFFa6Ul0owJQxFfr8khVjyWTyqaRZaV", "oauth_token_secret"=>"o0H8ca3vtVNyMzVrtcMpV1iIowkgDMdHudKKXAdJWEg"}])
*** (Job{get_list_members} | TwitterWrapperJob::GetListMembersJob | ["user:0:lists:1", "zonoise", "ruby", {"consumer_key"=>"7T2MXf81aibvbY0ZYWsVgg", "consumer_secret"=>"TudfPBnkEN4pj0lTMzcBTmetJvZRMnSAly4qfGKfo", "oauth_token"=>"141069059-ha2aP5eDAGFFa6Ul0owJQxFfr8khVjyWTyqaRZaV", "oauth_token_secret"=>"o0H8ca3vtVNyMzVrtcMpV1iIowkgDMdHudKKXAdJWEg"}]) failed: #<NoMethodError: undefined method `get_list_members' for TwitterWrapperJob::GetListMembersJob:Class>
*** got: (Job{get_list_members} | TwitterWrapperJob::GetListMembersJob | ["user:0:lists:2", "masarakki", "ruby", {"consumer_key"=>"7T2MXf81aibvbY0ZYWsVgg", "consumer_secret"=>"TudfPBnkEN4pj0lTMzcBTmetJvZRMnSAly4qfGKfo", "oauth_token"=>"141069059-ha2aP5eDAGFFa6Ul0owJQxFfr8khVjyWTyqaRZaV", "oauth_token_secret"=>"o0H8ca3vtVNyMzVrtcMpV1iIowkgDMdHudKKXAdJWEg"}])
*** (Job{get_list_members} | TwitterWrapperJob::GetListMembersJob | ["user:0:lists:2", "masarakki", "ruby", {"consumer_key"=>"7T2MXf81aibvbY0ZYWsVgg", "consumer_secret"=>"TudfPBnkEN4pj0lTMzcBTmetJvZRMnSAly4qfGKfo", "oauth_token"=>"141069059-ha2aP5eDAGFFa6Ul0owJQxFfr8khVjyWTyqaRZaV", "oauth_token_secret"=>"o0H8ca3vtVNyMzVrtcMpV1iIowkgDMdHudKKXAdJWEg"}]) failed: #<NoMethodError: undefined method `get_list_members' for TwitterWrapperJob::GetListMembersJob:Class>
*** got: (Job{get_list_members} | TwitterWrapperJob::GetListMembersJob | ["user:0:lists:1", "zonoise", "ruby", {"consumer_key"=>"7T2MXf81aibvbY0ZYWsVgg", "consumer_secret"=>"TudfPBnkEN4pj0lTMzcBTmetJvZRMnSAly4qfGKfo", "oauth_token"=>"141069059-ha2aP5eDAGFFa6Ul0owJQxFfr8khVjyWTyqaRZaV", "oauth_token_secret"=>"o0H8ca3vtVNyMzVrtcMpV1iIowkgDMdHudKKXAdJWEg"}])
*** (Job{get_list_members} | TwitterWrapperJob::GetListMembersJob | ["user:0:lists:1", "zonoise", "ruby", {"consumer_key"=>"7T2MXf81aibvbY0ZYWsVgg", "consumer_secret"=>"TudfPBnkEN4pj0lTMzcBTmetJvZRMnSAly4qfGKfo", "oauth_token"=>"141069059-ha2aP5eDAGFFa6Ul0owJQxFfr8khVjyWTyqaRZaV", "oauth_token_secret"=>"o0H8ca3vtVNyMzVrtcMpV1iIowkgDMdHudKKXAdJWEg"}]) failed: #<NoMethodError: undefined method `get_list_members' for TwitterWrapperJob::GetListMembersJob:Class>
*** got: (Job{get_list_members} | TwitterWrapperJob::GetListMembersJob | ["user:0:lists:2", "masarakki", "ruby", {"consumer_key"=>"7T2MXf81aibvbY0ZYWsVgg", "consumer_secret"=>"TudfPBnkEN4pj0lTMzcBTmetJvZRMnSAly4qfGKfo", "oauth_token"=>"141069059-ha2aP5eDAGFFa6Ul0owJQxFfr8khVjyWTyqaRZaV", "oauth_token_secret"=>"o0H8ca3vtVNyMzVrtcMpV1iIowkgDMdHudKKXAdJWEg"}])
*** (Job{get_list_members} | TwitterWrapperJob::GetListMembersJob | ["user:0:lists:2", "masarakki", "ruby", {"consumer_key"=>"7T2MXf81aibvbY0ZYWsVgg", "consumer_secret"=>"TudfPBnkEN4pj0lTMzcBTmetJvZRMnSAly4qfGKfo", "oauth_token"=>"141069059-ha2aP5eDAGFFa6Ul0owJQxFfr8khVjyWTyqaRZaV", "oauth_token_secret"=>"o0H8ca3vtVNyMzVrtcMpV1iIowkgDMdHudKKXAdJWEg"}]) failed: #<NoMethodError: undefined method `get_list_members' for TwitterWrapperJob::GetListMembersJob:Class>
*** got: (Job{get_list_members} | TwitterWrapperJob::GetListMembersJob | ["user:0:lists:1", "zonoise", "ruby", {"consumer_key"=>"7T2MXf81aibvbY0ZYWsVgg", "consumer_secret"=>"TudfPBnkEN4pj0lTMzcBTmetJvZRMnSAly4qfGKfo", "oauth_token"=>"141069059-ha2aP5eDAGFFa6Ul0owJQxFfr8khVjyWTyqaRZaV", "oauth_token_secret"=>"o0H8ca3vtVNyMzVrtcMpV1iIowkgDMdHudKKXAdJWEg"}])
*** (Job{get_list_members} | TwitterWrapperJob::GetListMembersJob | ["user:0:lists:1", "zonoise", "ruby", {"consumer_key"=>"7T2MXf81aibvbY0ZYWsVgg", "consumer_secret"=>"TudfPBnkEN4pj0lTMzcBTmetJvZRMnSAly4qfGKfo", "oauth_token"=>"141069059-ha2aP5eDAGFFa6Ul0owJQxFfr8khVjyWTyqaRZaV", "oauth_token_secret"=>"o0H8ca3vtVNyMzVrtcMpV1iIowkgDMdHudKKXAdJWEg"}]) failed: #<NoMethodError: undefined method `get_list_members' for TwitterWrapperJob::GetListMembersJob:Class>
*** got: (Job{get_list_members} | TwitterWrapperJob::GetListMembersJob | ["user:0:lists:2", "masarakki", "ruby", {"consumer_key"=>"7T2MXf81aibvbY0ZYWsVgg", "consumer_secret"=>"TudfPBnkEN4pj0lTMzcBTmetJvZRMnSAly4qfGKfo", "oauth_token"=>"141069059-ha2aP5eDAGFFa6Ul0owJQxFfr8khVjyWTyqaRZaV", "oauth_token_secret"=>"o0H8ca3vtVNyMzVrtcMpV1iIowkgDMdHudKKXAdJWEg"}])
*** (Job{get_list_members} | TwitterWrapperJob::GetListMembersJob | ["user:0:lists:2", "masarakki", "ruby", {"consumer_key"=>"7T2MXf81aibvbY0ZYWsVgg", "consumer_secret"=>"TudfPBnkEN4pj0lTMzcBTmetJvZRMnSAly4qfGKfo", "oauth_token"=>"141069059-ha2aP5eDAGFFa6Ul0owJQxFfr8khVjyWTyqaRZaV", "oauth_token_secret"=>"o0H8ca3vtVNyMzVrtcMpV1iIowkgDMdHudKKXAdJWEg"}]) failed: #<NoMethodError: undefined method `get_list_members' for TwitterWrapperJob::GetListMembersJob:Class>
*** got: (Job{hage} | TwitterWrapperJob::GetListsJob | ["user:0:lists:1", "zonoise", {"consumer_key"=>"7T2MXf81aibvbY0ZYWsVgg", "consumer_secret"=>"TudfPBnkEN4pj0lTMzcBTmetJvZRMnSAly4qfGKfo", "oauth_token"=>"141069059-ha2aP5eDAGFFa6Ul0owJQxFfr8khVjyWTyqaRZaV", "oauth_token_secret"=>"o0H8ca3vtVNyMzVrtcMpV1iIowkgDMdHudKKXAdJWEg"}])
*** (Job{hage} | TwitterWrapperJob::GetListsJob | ["user:0:lists:1", "zonoise", {"consumer_key"=>"7T2MXf81aibvbY0ZYWsVgg", "consumer_secret"=>"TudfPBnkEN4pj0lTMzcBTmetJvZRMnSAly4qfGKfo", "oauth_token"=>"141069059-ha2aP5eDAGFFa6Ul0owJQxFfr8khVjyWTyqaRZaV", "oauth_token_secret"=>"o0H8ca3vtVNyMzVrtcMpV1iIowkgDMdHudKKXAdJWEg"}]) failed: #<NoMethodError: undefined method `get_lists' for TwitterWrapperJob::GetListsJob:Class>
*** got: (Job{hage} | TwitterWrapperJob::GetListsJob | ["user:0:lists:1", "zonoise", {"consumer_key"=>"7T2MXf81aibvbY0ZYWsVgg", "consumer_secret"=>"TudfPBnkEN4pj0lTMzcBTmetJvZRMnSAly4qfGKfo", "oauth_token"=>"141069059-ha2aP5eDAGFFa6Ul0owJQxFfr8khVjyWTyqaRZaV", "oauth_token_secret"=>"o0H8ca3vtVNyMzVrtcMpV1iIowkgDMdHudKKXAdJWEg"}])
*** (Job{hage} | TwitterWrapperJob::GetListsJob | ["user:0:lists:1", "zonoise", {"consumer_key"=>"7T2MXf81aibvbY0ZYWsVgg", "consumer_secret"=>"TudfPBnkEN4pj0lTMzcBTmetJvZRMnSAly4qfGKfo", "oauth_token"=>"141069059-ha2aP5eDAGFFa6Ul0owJQxFfr8khVjyWTyqaRZaV", "oauth_token_secret"=>"o0H8ca3vtVNyMzVrtcMpV1iIowkgDMdHudKKXAdJWEg"}]) failed: #<NoMethodError: undefined method `get_lists' for TwitterWrapperJob::GetListsJob:Class>
*** got: (Job{hage} | TwitterWrapperJob::GetListsJob | ["user:0:lists:1", "zonoise", {"consumer_key"=>"7T2MXf81aibvbY0ZYWsVgg", "consumer_secret"=>"TudfPBnkEN4pj0lTMzcBTmetJvZRMnSAly4qfGKfo", "oauth_token"=>"141069059-ha2aP5eDAGFFa6Ul0owJQxFfr8khVjyWTyqaRZaV", "oauth_token_secret"=>"o0H8ca3vtVNyMzVrtcMpV1iIowkgDMdHudKKXAdJWEg"}])
*** (Job{hage} | TwitterWrapperJob::GetListsJob | ["user:0:lists:1", "zonoise", {"consumer_key"=>"7T2MXf81aibvbY0ZYWsVgg", "consumer_secret"=>"TudfPBnkEN4pj0lTMzcBTmetJvZRMnSAly4qfGKfo", "oauth_token"=>"141069059-ha2aP5eDAGFFa6Ul0owJQxFfr8khVjyWTyqaRZaV", "oauth_token_secret"=>"o0H8ca3vtVNyMzVrtcMpV1iIowkgDMdHudKKXAdJWEg"}]) failed: #<NoMethodError: undefined method `get_lists' for TwitterWrapperJob::GetListsJob:Class>
*** got: (Job{get_list_members} | TwitterWrapperJob::GetListMembersJob | ["user:0:lists:1", "zonoise", "ruby", {"consumer_key"=>"7T2MXf81aibvbY0ZYWsVgg", "consumer_secret"=>"TudfPBnkEN4pj0lTMzcBTmetJvZRMnSAly4qfGKfo", "oauth_token"=>"141069059-ha2aP5eDAGFFa6Ul0owJQxFfr8khVjyWTyqaRZaV", "oauth_token_secret"=>"o0H8ca3vtVNyMzVrtcMpV1iIowkgDMdHudKKXAdJWEg"}])
*** (Job{get_list_members} | TwitterWrapperJob::GetListMembersJob | ["user:0:lists:1", "zonoise", "ruby", {"consumer_key"=>"7T2MXf81aibvbY0ZYWsVgg", "consumer_secret"=>"TudfPBnkEN4pj0lTMzcBTmetJvZRMnSAly4qfGKfo", "oauth_token"=>"141069059-ha2aP5eDAGFFa6Ul0owJQxFfr8khVjyWTyqaRZaV", "oauth_token_secret"=>"o0H8ca3vtVNyMzVrtcMpV1iIowkgDMdHudKKXAdJWEg"}]) failed: #<NoMethodError: undefined method `get_list_members' for TwitterWrapperJob::GetListMembersJob:Class>
*** got: (Job{get_list_members} | TwitterWrapperJob::GetListMembersJob | ["user:0:lists:2", "masarakki", "ruby", {"consumer_key"=>"7T2MXf81aibvbY0ZYWsVgg", "consumer_secret"=>"TudfPBnkEN4pj0lTMzcBTmetJvZRMnSAly4qfGKfo", "oauth_token"=>"141069059-ha2aP5eDAGFFa6Ul0owJQxFfr8khVjyWTyqaRZaV", "oauth_token_secret"=>"o0H8ca3vtVNyMzVrtcMpV1iIowkgDMdHudKKXAdJWEg"}])
*** (Job{get_list_members} | TwitterWrapperJob::GetListMembersJob | ["user:0:lists:2", "masarakki", "ruby", {"consumer_key"=>"7T2MXf81aibvbY0ZYWsVgg", "consumer_secret"=>"TudfPBnkEN4pj0lTMzcBTmetJvZRMnSAly4qfGKfo", "oauth_token"=>"141069059-ha2aP5eDAGFFa6Ul0owJQxFfr8khVjyWTyqaRZaV", "oauth_token_secret"=>"o0H8ca3vtVNyMzVrtcMpV1iIowkgDMdHudKKXAdJWEg"}]) failed: #<NoMethodError: undefined method `get_list_members' for TwitterWrapperJob::GetListMembersJob:Class>
*** got: (Job{hage} | TwitterWrapperJob::GetListsJob | ["user:0:lists:1", "zonoise", {"consumer_key"=>"7T2MXf81aibvbY0ZYWsVgg", "consumer_secret"=>"TudfPBnkEN4pj0lTMzcBTmetJvZRMnSAly4qfGKfo", "oauth_token"=>"141069059-ha2aP5eDAGFFa6Ul0owJQxFfr8khVjyWTyqaRZaV", "oauth_token_secret"=>"o0H8ca3vtVNyMzVrtcMpV1iIowkgDMdHudKKXAdJWEg"}])
*** (Job{hage} | TwitterWrapperJob::GetListsJob | ["user:0:lists:1", "zonoise", {"consumer_key"=>"7T2MXf81aibvbY0ZYWsVgg", "consumer_secret"=>"TudfPBnkEN4pj0lTMzcBTmetJvZRMnSAly4qfGKfo", "oauth_token"=>"141069059-ha2aP5eDAGFFa6Ul0owJQxFfr8khVjyWTyqaRZaV", "oauth_token_secret"=>"o0H8ca3vtVNyMzVrtcMpV1iIowkgDMdHudKKXAdJWEg"}]) failed: #<NoMethodError: undefined method `get_lists' for TwitterWrapperJob::GetListsJob:Class>
*** got: (Job{hage} | TwitterWrapperJob::GetListMembersJob | ["user:0:lists:1", "zonoise", "ruby", {"consumer_key"=>"7T2MXf81aibvbY0ZYWsVgg", "consumer_secret"=>"TudfPBnkEN4pj0lTMzcBTmetJvZRMnSAly4qfGKfo", "oauth_token"=>"141069059-ha2aP5eDAGFFa6Ul0owJQxFfr8khVjyWTyqaRZaV", "oauth_token_secret"=>"o0H8ca3vtVNyMzVrtcMpV1iIowkgDMdHudKKXAdJWEg"}])
*** (Job{hage} | TwitterWrapperJob::GetListMembersJob | ["user:0:lists:1", "zonoise", "ruby", {"consumer_key"=>"7T2MXf81aibvbY0ZYWsVgg", "consumer_secret"=>"TudfPBnkEN4pj0lTMzcBTmetJvZRMnSAly4qfGKfo", "oauth_token"=>"141069059-ha2aP5eDAGFFa6Ul0owJQxFfr8khVjyWTyqaRZaV", "oauth_token_secret"=>"o0H8ca3vtVNyMzVrtcMpV1iIowkgDMdHudKKXAdJWEg"}]) failed: #<NoMethodError: undefined method `get_list_members' for TwitterWrapperJob::GetListMembersJob:Class>
*** got: (Job{hage} | TwitterWrapperJob::GetListMembersJob | ["user:0:lists:2", "masarakki", "ruby", {"consumer_key"=>"7T2MXf81aibvbY0ZYWsVgg", "consumer_secret"=>"TudfPBnkEN4pj0lTMzcBTmetJvZRMnSAly4qfGKfo", "oauth_token"=>"141069059-ha2aP5eDAGFFa6Ul0owJQxFfr8khVjyWTyqaRZaV", "oauth_token_secret"=>"o0H8ca3vtVNyMzVrtcMpV1iIowkgDMdHudKKXAdJWEg"}])
*** (Job{hage} | TwitterWrapperJob::GetListMembersJob | ["user:0:lists:2", "masarakki", "ruby", {"consumer_key"=>"7T2MXf81aibvbY0ZYWsVgg", "consumer_secret"=>"TudfPBnkEN4pj0lTMzcBTmetJvZRMnSAly4qfGKfo", "oauth_token"=>"141069059-ha2aP5eDAGFFa6Ul0owJQxFfr8khVjyWTyqaRZaV", "oauth_token_secret"=>"o0H8ca3vtVNyMzVrtcMpV1iIowkgDMdHudKKXAdJWEg"}]) failed: #<NoMethodError: undefined method `get_list_members' for TwitterWrapperJob::GetListMembersJob:Class>
*** got: (Job{get_list_members} | TwitterWrapperJob::GetListMembersJob | ["user:0:lists:1", "zonoise", "ruby", {"consumer_key"=>"7T2MXf81aibvbY0ZYWsVgg", "consumer_secret"=>"TudfPBnkEN4pj0lTMzcBTmetJvZRMnSAly4qfGKfo", "oauth_token"=>"141069059-ha2aP5eDAGFFa6Ul0owJQxFfr8khVjyWTyqaRZaV", "oauth_token_secret"=>"o0H8ca3vtVNyMzVrtcMpV1iIowkgDMdHudKKXAdJWEg"}])
*** (Job{get_list_members} | TwitterWrapperJob::GetListMembersJob | ["user:0:lists:1", "zonoise", "ruby", {"consumer_key"=>"7T2MXf81aibvbY0ZYWsVgg", "consumer_secret"=>"TudfPBnkEN4pj0lTMzcBTmetJvZRMnSAly4qfGKfo", "oauth_token"=>"141069059-ha2aP5eDAGFFa6Ul0owJQxFfr8khVjyWTyqaRZaV", "oauth_token_secret"=>"o0H8ca3vtVNyMzVrtcMpV1iIowkgDMdHudKKXAdJWEg"}]) failed: #<NoMethodError: undefined method `get_list_members' for TwitterWrapperJob::GetListMembersJob:Class>
*** got: (Job{get_list_members} | TwitterWrapperJob::GetListMembersJob | ["user:0:lists:2", "masarakki", "ruby", {"consumer_key"=>"7T2MXf81aibvbY0ZYWsVgg", "consumer_secret"=>"TudfPBnkEN4pj0lTMzcBTmetJvZRMnSAly4qfGKfo", "oauth_token"=>"141069059-ha2aP5eDAGFFa6Ul0owJQxFfr8khVjyWTyqaRZaV", "oauth_token_secret"=>"o0H8ca3vtVNyMzVrtcMpV1iIowkgDMdHudKKXAdJWEg"}])
*** (Job{get_list_members} | TwitterWrapperJob::GetListMembersJob | ["user:0:lists:2", "masarakki", "ruby", {"consumer_key"=>"7T2MXf81aibvbY0ZYWsVgg", "consumer_secret"=>"TudfPBnkEN4pj0lTMzcBTmetJvZRMnSAly4qfGKfo", "oauth_token"=>"141069059-ha2aP5eDAGFFa6Ul0owJQxFfr8khVjyWTyqaRZaV", "oauth_token_secret"=>"o0H8ca3vtVNyMzVrtcMpV1iIowkgDMdHudKKXAdJWEg"}]) failed: #<NoMethodError: undefined method `get_list_members' for TwitterWrapperJob::GetListMembersJob:Class>
*** got: (Job{get_list_members} | TwitterWrapperJob::GetListMembersJob | ["user:0:list:1", "zonoise", "ruby", {"consumer_key"=>"7T2MXf81aibvbY0ZYWsVgg", "consumer_secret"=>"TudfPBnkEN4pj0lTMzcBTmetJvZRMnSAly4qfGKfo", "oauth_token"=>"141069059-ha2aP5eDAGFFa6Ul0owJQxFfr8khVjyWTyqaRZaV", "oauth_token_secret"=>"o0H8ca3vtVNyMzVrtcMpV1iIowkgDMdHudKKXAdJWEg"}])
*** (Job{get_list_members} | TwitterWrapperJob::GetListMembersJob | ["user:0:list:1", "zonoise", "ruby", {"consumer_key"=>"7T2MXf81aibvbY0ZYWsVgg", "consumer_secret"=>"TudfPBnkEN4pj0lTMzcBTmetJvZRMnSAly4qfGKfo", "oauth_token"=>"141069059-ha2aP5eDAGFFa6Ul0owJQxFfr8khVjyWTyqaRZaV", "oauth_token_secret"=>"o0H8ca3vtVNyMzVrtcMpV1iIowkgDMdHudKKXAdJWEg"}]) failed: #<NoMethodError: undefined method `get_list_members' for TwitterWrapperJob::GetListMembersJob:Class>
*** got: (Job{get_list_members} | TwitterWrapperJob::GetListMembersJob | ["user:0:list:2", "masarakki", "ruby", {"consumer_key"=>"7T2MXf81aibvbY0ZYWsVgg", "consumer_secret"=>"TudfPBnkEN4pj0lTMzcBTmetJvZRMnSAly4qfGKfo", "oauth_token"=>"141069059-ha2aP5eDAGFFa6Ul0owJQxFfr8khVjyWTyqaRZaV", "oauth_token_secret"=>"o0H8ca3vtVNyMzVrtcMpV1iIowkgDMdHudKKXAdJWEg"}])
*** (Job{get_list_members} | TwitterWrapperJob::GetListMembersJob | ["user:0:list:2", "masarakki", "ruby", {"consumer_key"=>"7T2MXf81aibvbY0ZYWsVgg", "consumer_secret"=>"TudfPBnkEN4pj0lTMzcBTmetJvZRMnSAly4qfGKfo", "oauth_token"=>"141069059-ha2aP5eDAGFFa6Ul0owJQxFfr8khVjyWTyqaRZaV", "oauth_token_secret"=>"o0H8ca3vtVNyMzVrtcMpV1iIowkgDMdHudKKXAdJWEg"}]) failed: #<NoMethodError: undefined method `get_list_members' for TwitterWrapperJob::GetListMembersJob:Class>
*** Exiting...
*** got: (Job{get_list_members} | TwitterWrapperJob::GetListMembersJob | ["user:0:list:1", "zonoise", "ruby", {"consumer_key"=>"7T2MXf81aibvbY0ZYWsVgg", "consumer_secret"=>"TudfPBnkEN4pj0lTMzcBTmetJvZRMnSAly4qfGKfo", "oauth_token"=>"141069059-ha2aP5eDAGFFa6Ul0owJQxFfr8khVjyWTyqaRZaV", "oauth_token_secret"=>"o0H8ca3vtVNyMzVrtcMpV1iIowkgDMdHudKKXAdJWEg"}])
*** (Job{get_list_members} | TwitterWrapperJob::GetListMembersJob | ["user:0:list:1", "zonoise", "ruby", {"consumer_key"=>"7T2MXf81aibvbY0ZYWsVgg", "consumer_secret"=>"TudfPBnkEN4pj0lTMzcBTmetJvZRMnSAly4qfGKfo", "oauth_token"=>"141069059-ha2aP5eDAGFFa6Ul0owJQxFfr8khVjyWTyqaRZaV", "oauth_token_secret"=>"o0H8ca3vtVNyMzVrtcMpV1iIowkgDMdHudKKXAdJWEg"}]) failed: #<NoMethodError: undefined method `get_list_members' for TwitterWrapperJob::GetListMembersJob:Class>
*** got: (Job{get_list_members} | TwitterWrapperJob::GetListMembersJob | ["user:0:list:2", "masarakki", "ruby", {"consumer_key"=>"7T2MXf81aibvbY0ZYWsVgg", "consumer_secret"=>"TudfPBnkEN4pj0lTMzcBTmetJvZRMnSAly4qfGKfo", "oauth_token"=>"141069059-ha2aP5eDAGFFa6Ul0owJQxFfr8khVjyWTyqaRZaV", "oauth_token_secret"=>"o0H8ca3vtVNyMzVrtcMpV1iIowkgDMdHudKKXAdJWEg"}])
*** (Job{get_list_members} | TwitterWrapperJob::GetListMembersJob | ["user:0:list:2", "masarakki", "ruby", {"consumer_key"=>"7T2MXf81aibvbY0ZYWsVgg", "consumer_secret"=>"TudfPBnkEN4pj0lTMzcBTmetJvZRMnSAly4qfGKfo", "oauth_token"=>"141069059-ha2aP5eDAGFFa6Ul0owJQxFfr8khVjyWTyqaRZaV", "oauth_token_secret"=>"o0H8ca3vtVNyMzVrtcMpV1iIowkgDMdHudKKXAdJWEg"}]) failed: #<NoMethodError: undefined method `get_list_members' for TwitterWrapperJob::GetListMembersJob:Class>
*** Exiting...
*** got: (Job{get_list_members} | TwitterWrapperJob::GetListMembersJob | ["user:0:list:1", "zonoise", "ruby", {"consumer_key"=>"7T2MXf81aibvbY0ZYWsVgg", "consumer_secret"=>"TudfPBnkEN4pj0lTMzcBTmetJvZRMnSAly4qfGKfo", "oauth_token"=>"141069059-ha2aP5eDAGFFa6Ul0owJQxFfr8khVjyWTyqaRZaV", "oauth_token_secret"=>"o0H8ca3vtVNyMzVrtcMpV1iIowkgDMdHudKKXAdJWEg"}])
*** (Job{get_list_members} | TwitterWrapperJob::GetListMembersJob | ["user:0:list:1", "zonoise", "ruby", {"consumer_key"=>"7T2MXf81aibvbY0ZYWsVgg", "consumer_secret"=>"TudfPBnkEN4pj0lTMzcBTmetJvZRMnSAly4qfGKfo", "oauth_token"=>"141069059-ha2aP5eDAGFFa6Ul0owJQxFfr8khVjyWTyqaRZaV", "oauth_token_secret"=>"o0H8ca3vtVNyMzVrtcMpV1iIowkgDMdHudKKXAdJWEg"}]) failed: #<NoMethodError: undefined method `get_list_members' for TwitterWrapperJob::GetListMembersJob:Class>
*** got: (Job{get_list_members} | TwitterWrapperJob::GetListMembersJob | ["user:0:list:2", "masarakki", "ruby", {"consumer_key"=>"7T2MXf81aibvbY0ZYWsVgg", "consumer_secret"=>"TudfPBnkEN4pj0lTMzcBTmetJvZRMnSAly4qfGKfo", "oauth_token"=>"141069059-ha2aP5eDAGFFa6Ul0owJQxFfr8khVjyWTyqaRZaV", "oauth_token_secret"=>"o0H8ca3vtVNyMzVrtcMpV1iIowkgDMdHudKKXAdJWEg"}])
*** (Job{get_list_members} | TwitterWrapperJob::GetListMembersJob | ["user:0:list:2", "masarakki", "ruby", {"consumer_key"=>"7T2MXf81aibvbY0ZYWsVgg", "consumer_secret"=>"TudfPBnkEN4pj0lTMzcBTmetJvZRMnSAly4qfGKfo", "oauth_token"=>"141069059-ha2aP5eDAGFFa6Ul0owJQxFfr8khVjyWTyqaRZaV", "oauth_token_secret"=>"o0H8ca3vtVNyMzVrtcMpV1iIowkgDMdHudKKXAdJWEg"}]) failed: #<NoMethodError: undefined method `get_list_members' for TwitterWrapperJob::GetListMembersJob:Class>
*** Exiting...
*** got: (Job{get_list_members} | TwitterWrapperJob::GetListMembersJob | ["user:0:list:1", "zonoise", "ruby", {"consumer_key"=>"7T2MXf81aibvbY0ZYWsVgg", "consumer_secret"=>"TudfPBnkEN4pj0lTMzcBTmetJvZRMnSAly4qfGKfo", "oauth_token"=>"141069059-ha2aP5eDAGFFa6Ul0owJQxFfr8khVjyWTyqaRZaV", "oauth_token_secret"=>"o0H8ca3vtVNyMzVrtcMpV1iIowkgDMdHudKKXAdJWEg"}])
*** done: (Job{get_list_members} | TwitterWrapperJob::GetListMembersJob | ["user:0:list:1", "zonoise", "ruby", {"consumer_key"=>"7T2MXf81aibvbY0ZYWsVgg", "consumer_secret"=>"TudfPBnkEN4pj0lTMzcBTmetJvZRMnSAly4qfGKfo", "oauth_token"=>"141069059-ha2aP5eDAGFFa6Ul0owJQxFfr8khVjyWTyqaRZaV", "oauth_token_secret"=>"o0H8ca3vtVNyMzVrtcMpV1iIowkgDMdHudKKXAdJWEg"}])
*** got: (Job{get_list_members} | TwitterWrapperJob::GetListMembersJob | ["user:0:list:2", "masarakki", "ruby", {"consumer_key"=>"7T2MXf81aibvbY0ZYWsVgg", "consumer_secret"=>"TudfPBnkEN4pj0lTMzcBTmetJvZRMnSAly4qfGKfo", "oauth_token"=>"141069059-ha2aP5eDAGFFa6Ul0owJQxFfr8khVjyWTyqaRZaV", "oauth_token_secret"=>"o0H8ca3vtVNyMzVrtcMpV1iIowkgDMdHudKKXAdJWEg"}])
*** done: (Job{get_list_members} | TwitterWrapperJob::GetListMembersJob | ["user:0:list:2", "masarakki", "ruby", {"consumer_key"=>"7T2MXf81aibvbY0ZYWsVgg", "consumer_secret"=>"TudfPBnkEN4pj0lTMzcBTmetJvZRMnSAly4qfGKfo", "oauth_token"=>"141069059-ha2aP5eDAGFFa6Ul0owJQxFfr8khVjyWTyqaRZaV", "oauth_token_secret"=>"o0H8ca3vtVNyMzVrtcMpV1iIowkgDMdHudKKXAdJWEg"}])
*** got: (Job{get_list_members} | TwitterWrapperJob::GetListMembersJob | ["user:0:list:1", "zonoise", "ruby", {"consumer_key"=>"7T2MXf81aibvbY0ZYWsVgg", "consumer_secret"=>"TudfPBnkEN4pj0lTMzcBTmetJvZRMnSAly4qfGKfo", "oauth_token"=>"141069059-ha2aP5eDAGFFa6Ul0owJQxFfr8khVjyWTyqaRZaV", "oauth_token_secret"=>"o0H8ca3vtVNyMzVrtcMpV1iIowkgDMdHudKKXAdJWEg"}])
*** done: (Job{get_list_members} | TwitterWrapperJob::GetListMembersJob | ["user:0:list:1", "zonoise", "ruby", {"consumer_key"=>"7T2MXf81aibvbY0ZYWsVgg", "consumer_secret"=>"TudfPBnkEN4pj0lTMzcBTmetJvZRMnSAly4qfGKfo", "oauth_token"=>"141069059-ha2aP5eDAGFFa6Ul0owJQxFfr8khVjyWTyqaRZaV", "oauth_token_secret"=>"o0H8ca3vtVNyMzVrtcMpV1iIowkgDMdHudKKXAdJWEg"}])
*** got: (Job{get_list_members} | TwitterWrapperJob::GetListMembersJob | ["user:0:list:2", "masarakki", "ruby", {"consumer_key"=>"7T2MXf81aibvbY0ZYWsVgg", "consumer_secret"=>"TudfPBnkEN4pj0lTMzcBTmetJvZRMnSAly4qfGKfo", "oauth_token"=>"141069059-ha2aP5eDAGFFa6Ul0owJQxFfr8khVjyWTyqaRZaV", "oauth_token_secret"=>"o0H8ca3vtVNyMzVrtcMpV1iIowkgDMdHudKKXAdJWEg"}])
*** done: (Job{get_list_members} | TwitterWrapperJob::GetListMembersJob | ["user:0:list:2", "masarakki", "ruby", {"consumer_key"=>"7T2MXf81aibvbY0ZYWsVgg", "consumer_secret"=>"TudfPBnkEN4pj0lTMzcBTmetJvZRMnSAly4qfGKfo", "oauth_token"=>"141069059-ha2aP5eDAGFFa6Ul0owJQxFfr8khVjyWTyqaRZaV", "oauth_token_secret"=>"o0H8ca3vtVNyMzVrtcMpV1iIowkgDMdHudKKXAdJWEg"}])
